<?xml version="1.0" encoding="UTF-8"?>
<testsuite xmlns:xsi="http://www.w3.org/2001/XMLSchema-instance" xsi:noNamespaceSchemaLocation="https://maven.apache.org/surefire/maven-surefire-plugin/xsd/surefire-test-report.xsd" name="cn.itcast.mq.helloworld.PublisherTest" time="21.156" tests="1" errors="1" skipped="0" failures="0">
  <properties>
[...]
</properties>
  <testcase name="testSendMessage" classname="cn.itcast.mq.helloworld.PublisherTest" time="21.153">
    <error message="Connection timed out: no further information" type="java.net.ConnectException">java.net.ConnectException: Connection timed out: no further information
	at cn.itcast.mq.helloworld.PublisherTest.testSendMessage(PublisherTest.java:23)
</error>
  </testcase>
</testsuite>